<?xml version="1.0" encoding="utf-8"?><testsuites name="pytest tests"><testsuite name="pytest" errors="0" failures="0" skipped="0" tests="8" time="2.026" timestamp="2026-05-02T19:26:54.848953+00:00" hostname="agent-env-cd433f50-250c-4032-beb7-c7aade38b207"><testcase classname="backend.tests.test_kalvarayan_api.TestRoot" name="test_root_message" time="0.429" /><testcase classname="backend.tests.test_kalvarayan_api.TestContact" name="test_create_contact_success" time="0.073" /><testcase classname="backend.tests.test_kalvarayan_api.TestContact" name="test_create_contact_without_phone" time="0.106" /><testcase classname="backend.tests.test_kalvarayan_api.TestContact" name="test_create_contact_invalid_email_returns_422" time="0.055" /><testcase classname="backend.tests.test_kalvarayan_api.TestContact" name="test_create_contact_missing_email_returns_422" time="0.060" /><testcase classname="backend.tests.test_kalvarayan_api.TestContact" name="test_create_contact_missing_name_returns_422" time="0.136" /><testcase classname="backend.tests.test_kalvarayan_api.TestContact" name="test_create_contact_empty_message_returns_422" time="0.058" /><testcase classname="backend.tests.test_kalvarayan_api.TestContact" name="test_list_contacts_returns_saved" time="0.193" /></testsuite></testsuites>